
Test10399.hs:10:27: error:
    Not in scope: type constructor or class ‘MPISecret’

Test10399.hs:12:39: error: Not in scope: ‘P.base’

Test10399.hs:12:50: error: Not in scope: ‘P.pos’

Test10399.hs:12:60: error: Not in scope: ‘P.form’
